# JRE version: Java(TM) SE Runtime Environment (8.0_202-b08) (build 1.8.0_202-b08)
# Java VM: Java HotSpot(TM) Client VM (25.202-b08 mixed mode windows-x86 )
Heap:
 def new generation   total 5184K, used 4195K [0x10200000, 0x10790000, 0x15750000)
  eden space 4672K,  89% used [0x10200000, 0x106188d8, 0x10690000)
  from space 512K,   0% used [0x10690000, 0x106906c0, 0x10710000)
  to   space 512K,   0% used [0x10710000, 0x10710000, 0x10790000)
 tenured generation   total 10944K, used 7724K [0x15750000, 0x16200000, 0x20200000)
   the space 10944K,  70% used [0x15750000, 0x15edb010, 0x15edb200, 0x16200000)
 Metaspace       used 7015K, capacity 7168K, committed 7296K, reserved 7552K
GC Heap History (10 events):
Event: 13548.005 GC heap before
{Heap before GC invocations=822 (full 3):
 def new generation   total 5184K, used 4672K [0x10200000, 0x10790000, 0x15750000)
  eden space 4672K,  99% used [0x10200000, 0x1068fff8, 0x10690000)
  from space 512K,   0% used [0x10710000, 0x10710328, 0x10790000)
  to   space 512K,   0% used [0x10690000, 0x10690000, 0x10710000)
 tenured generation   total 10944K, used 7724K [0x15750000, 0x16200000, 0x20200000)
   the space 10944K,  70% used [0x15750000, 0x15edb010, 0x15edb200, 0x16200000)
 Metaspace       used 7014K, capacity 7168K, committed 7296K, reserved 7552K
Event: 13548.006 GC heap after
Heap after GC invocations=823 (full 3):
 def new generation   total 5184K, used 2K [0x10200000, 0x10790000, 0x15750000)
  eden space 4672K,   0% used [0x10200000, 0x10200000, 0x10690000)
  from space 512K,   0% used [0x10690000, 0x10690888, 0x10710000)
  to   space 512K,   0% used [0x10710000, 0x10710000, 0x10790000)
 tenured generation   total 10944K, used 7724K [0x15750000, 0x16200000, 0x20200000)
   the space 10944K,  70% used [0x15750000, 0x15edb010, 0x15edb200, 0x16200000)
 Metaspace       used 7014K, capacity 7168K, committed 7296K, reserved 7552K
}
Event: 13572.606 GC heap before
{Heap before GC invocations=823 (full 3):
 def new generation   total 5184K, used 4674K [0x10200000, 0x10790000, 0x15750000)
  eden space 4672K,  99% used [0x10200000, 0x1068ffc8, 0x10690000)
  from space 512K,   0% used [0x10690000, 0x10690888, 0x10710000)
  to   space 512K,   0% used [0x10710000, 0x10710000, 0x10790000)
 tenured generation   total 10944K, used 7724K [0x15750000, 0x16200000, 0x20200000)
   the space 10944K,  70% used [0x15750000, 0x15edb010, 0x15edb200, 0x16200000)
 Metaspace       used 7014K, capacity 7168K, committed 7296K, reserved 7552K
Event: 13572.607 GC heap after
Heap after GC invocations=824 (full 3):
 def new generation   total 5184K, used 0K [0x10200000, 0x10790000, 0x15750000)
  eden space 4672K,   0% used [0x10200000, 0x10200000, 0x10690000)
  from space 512K,   0% used [0x10710000, 0x107101a8, 0x10790000)
  to   space 512K,   0% used [0x10690000, 0x10690000, 0x10710000)
 tenured generation   total 10944K, used 7724K [0x15750000, 0x16200000, 0x20200000)
   the space 10944K,  70% used [0x15750000, 0x15edb010, 0x15edb200, 0x16200000)
 Metaspace       used 7014K, capacity 7168K, committed 7296K, reserved 7552K
}
Event: 13597.110 GC heap before
{Heap before GC invocations=824 (full 3):
 def new generation   total 5184K, used 4672K [0x10200000, 0x10790000, 0x15750000)
  eden space 4672K,  99% used [0x10200000, 0x1068ffc0, 0x10690000)
  from space 512K,   0% used [0x10710000, 0x107101a8, 0x10790000)
  to   space 512K,   0% used [0x10690000, 0x10690000, 0x10710000)
 tenured generation   total 10944K, used 7724K [0x15750000, 0x16200000, 0x20200000)
   the space 10944K,  70% used [0x15750000, 0x15edb010, 0x15edb200, 0x16200000)
 Metaspace       used 7014K, capacity 7168K, committed 7296K, reserved 7552K
Event: 13597.111 GC heap after
Heap after GC invocations=825 (full 3):
 def new generation   total 5184K, used 1K [0x10200000, 0x10790000, 0x15750000)
  eden space 4672K,   0% used [0x10200000, 0x10200000, 0x10690000)
  from space 512K,   0% used [0x10690000, 0x106907c8, 0x10710000)
  to   space 512K,   0% used [0x10710000, 0x10710000, 0x10790000)
 tenured generation   total 10944K, used 7724K [0x15750000, 0x16200000, 0x20200000)
   the space 10944K,  70% used [0x15750000, 0x15edb010, 0x15edb200, 0x16200000)
 Metaspace       used 7014K, capacity 7168K, committed 7296K, reserved 7552K
}
Event: 13621.615 GC heap before
{Heap before GC invocations=825 (full 3):
 def new generation   total 5184K, used 4673K [0x10200000, 0x10790000, 0x15750000)
  eden space 4672K,  99% used [0x10200000, 0x1068ffe8, 0x10690000)
  from space 512K,   0% used [0x10690000, 0x106907c8, 0x10710000)
  to   space 512K,   0% used [0x10710000, 0x10710000, 0x10790000)
 tenured generation   total 10944K, used 7724K [0x15750000, 0x16200000, 0x20200000)
   the space 10944K,  70% used [0x15750000, 0x15edb010, 0x15edb200, 0x16200000)
 Metaspace       used 7014K, capacity 7168K, committed 7296K, reserved 7552K
Event: 13621.616 GC heap after
Heap after GC invocations=826 (full 3):
 def new generation   total 5184K, used 3K [0x10200000, 0x10790000, 0x15750000)
  eden space 4672K,   0% used [0x10200000, 0x10200000, 0x10690000)
  from space 512K,   0% used [0x10710000, 0x10710d10, 0x10790000)
  to   space 512K,   0% used [0x10690000, 0x10690000, 0x10710000)
 tenured generation   total 10944K, used 7724K [0x15750000, 0x16200000, 0x20200000)
   the space 10944K,  70% used [0x15750000, 0x15edb010, 0x15edb200, 0x16200000)
 Metaspace       used 7014K, capacity 7168K, committed 7296K, reserved 7552K
}
Event: 13646.217 GC heap before
{Heap before GC invocations=826 (full 3):
 def new generation   total 5184K, used 4675K [0x10200000, 0x10790000, 0x15750000)
  eden space 4672K, 100% used [0x10200000, 0x10690000, 0x10690000)
  from space 512K,   0% used [0x10710000, 0x10710d10, 0x10790000)
  to   space 512K,   0% used [0x10690000, 0x10690000, 0x10710000)
 tenured generation   total 10944K, used 7724K [0x15750000, 0x16200000, 0x20200000)
   the space 10944K,  70% used [0x15750000, 0x15edb010, 0x15edb200, 0x16200000)
 Metaspace       used 7014K, capacity 7168K, committed 7296K, reserved 7552K
Event: 13646.219 GC heap after
Heap after GC invocations=827 (full 3):
 def new generation   total 5184K, used 1K [0x10200000, 0x10790000, 0x15750000)
  eden space 4672K,   0% used [0x10200000, 0x10200000, 0x10690000)
  from space 512K,   0% used [0x10690000, 0x106906c0, 0x10710000)
  to   space 512K,   0% used [0x10710000, 0x10710000, 0x10790000)
 tenured generation   total 10944K, used 7724K [0x15750000, 0x16200000, 0x20200000)
   the space 10944K,  70% used [0x15750000, 0x15edb010, 0x15edb200, 0x16200000)
 Metaspace       used 7014K, capacity 7168K, committed 7296K, reserved 7552K
}

